[2017-05-10 15:56:08.636] [FATAL] error - connection database fail
[2017-05-10 16:00:51.884] [FATAL] error - connection database fail
[2017-05-15 15:37:16.636] [ERROR] error - user username is empty
[2017-05-15 15:37:18.677] [ERROR] error - user username is empty
[2017-05-15 15:37:19.846] [ERROR] error - user username is empty
[2017-05-15 17:16:21.322] [FATAL] error - database ER_BAD_FIELD_ERROR
[2017-05-15 17:16:35.262] [FATAL] error - database ER_BAD_FIELD_ERROR
[2017-05-15 17:16:45.107] [FATAL] error - database ER_BAD_FIELD_ERROR
[2017-07-05 20:45:27.915] [ERROR] error - user username is empty
[2017-07-07 23:29:38.384] [ERROR] error - user username is empty
[2017-07-07 23:29:45.321] [ERROR] error - user username is empty
[2017-07-07 23:39:43.460] [ERROR] error - user username is empty
[2017-07-07 23:42:09.301] [ERROR] error - user password is empty
[2017-07-07 23:42:32.199] [ERROR] error - user phone is empty
[2017-07-07 23:42:46.943] [FATAL] error - database ER_BAD_FIELD_ERROR
[2017-07-08 17:47:03.010] [ERROR] error - user username is empty
[2017-07-08 17:47:09.391] [ERROR] error - user username is empty
[2017-07-08 17:47:32.738] [FATAL] error - database ER_BAD_FIELD_ERROR
[2017-07-12 21:18:55.919] [FATAL] error - database ER_OTHER_ERROR
[2017-07-12 21:19:25.131] [FATAL] error - database ER_OTHER_ERROR
[2017-07-12 21:20:09.321] [FATAL] error - database ER_OTHER_ERROR
[2017-07-12 21:21:12.053] [FATAL] error - database ER_OTHER_ERROR
[2017-07-12 21:21:48.875] [FATAL] error - database ER_OTHER_ERROR
[2017-07-12 21:22:44.226] [FATAL] error - database ER_OTHER_ERROR
[2017-07-12 21:55:25.130] [FATAL] error - database ER_OTHER_ERROR
[2017-07-12 21:57:42.313] [FATAL] error - database ER_OTHER_ERROR
[2017-07-13 13:28:07.810] [FATAL] error - database ER_PARSE_ERROR
